Arguments: 
  /home/z7z/.nvm/versions/node/v16.14.0/bin/node /home/z7z/.nvm/versions/node/v16.14.0/bin/yarn add colors

PATH: 
  /home/z7z/.nvm/versions/node/v16.14.0/bin:/home/z7z/.yarn/bin:/home/z7z/.local/bin:/home/z7z/.nvm/versions/node/v16.14.0/bin:/home/z7z/.yarn/bin:/home/z7z/.local/bin:/home/z7z/.local/bin:/home/z7z/.nvm/versions/node/v16.14.0/bin:/home/z7z/.yarn/bin:/home/z7z/.local/bin:/usr/local/sbin:/usr/local/bin:/usr/sbin:/usr/bin:/sbin:/bin:/usr/games:/usr/local/games:/usr/lib/wsl/lib:/mnt/c/WINDOWS/system32:/mnt/c/WINDOWS:/mnt/c/WINDOWS/System32/Wbem:/mnt/c/WINDOWS/System32/WindowsPowerShell/v1.0/:/mnt/c/WINDOWS/System32/OpenSSH/:/mnt/c/Program Files/Intel/WiFi/bin/:/mnt/c/Program Files/Common Files/Intel/WirelessCommon/:/mnt/c/Program Files/dotnet/:/mnt/c/Users/z7z_Eta/AppData/Local/Programs/Python/Python310/Scripts/:/mnt/c/Users/z7z_Eta/AppData/Local/Programs/Python/Python310/:/mnt/c/Users/z7z_Eta/AppData/Local/Microsoft/WindowsApps:/mnt/c/Users/z7z_Eta/AppData/Local/Programs/Microsoft VS Code/bin:/mnt/d/Inn/IrfanView:/mnt/d/Microsoft VS Code/bin:/mnt/c/Program Files (x86)/Vim/vim82:/mnt/c/Program Files (x86)/Microsoft/Edge Dev/Application:/mnt/c/Program Files/MinGW64/bin:/mnt/c/Users/z7z_Eta/.local/bin

Yarn version: 
  1.22.18

Node version: 
  16.14.0

Platform: 
  linux x64

Trace: 
  Error: https://registry.npmmirror.com/colors/-/colors-1.4.0.tgz: ETIMEDOUT
      at Timeout._onTimeout (/home/z7z/.nvm/versions/node/v16.14.0/lib/node_modules/yarn/lib/cli.js:141543:19)
      at listOnTimeout (node:internal/timers:559:17)
      at processTimers (node:internal/timers:502:7)

npm manifest: 
  No manifest

yarn manifest: 
  No manifest

Lockfile: 
  # THIS IS AN AUTOGENERATED FILE. DO NOT EDIT THIS FILE DIRECTLY.
  # yarn lockfile v1
